0 verbose cli /usr/bin/node /usr/bin/npm
1 info using npm@10.8.3
2 info using node@v22.9.0
3 silly config load:file:/usr/lib/node_modules/npm/npmrc
4 silly config load:file:/home/fullstack-user/frontend/.npmrc
5 silly config load:file:/home/fullstack-user/.npmrc
6 silly config load:file:/usr/etc/npmrc
7 verbose title npm fund
8 verbose argv "fund"
9 verbose logfile logs-max:10 dir:/home/fullstack-user/.npm/_logs/2024-11-14T14_42_24_838Z-
10 verbose logfile /home/fullstack-user/.npm/_logs/2024-11-14T14_42_24_838Z-debug-0.log
11 silly packumentCache heap:2197815296 maxSize:549453824 maxEntrySize:274726912
12 silly logfile start cleaning logs, removing 1 files
13 silly logfile done cleaning log files
14 verbose cwd /home/fullstack-user/frontend
15 verbose os Linux 5.15.153.1-microsoft-standard-WSL2
16 verbose node v22.9.0
17 verbose npm  v10.8.3
18 verbose exit 0
19 info ok
