0 verbose cli /usr/bin/node /usr/bin/npm
1 info using npm@10.8.3
2 info using node@v22.9.0
3 silly config load:file:/usr/lib/node_modules/npm/npmrc
4 silly config load:file:/home/fullstack-user/frontend/.npmrc
5 silly config load:file:/home/fullstack-user/.npmrc
6 silly config load:file:/usr/etc/npmrc
7 verbose title npm install framer-motion
8 verbose argv "install" "framer-motion"
9 verbose logfile logs-max:10 dir:/home/fullstack-user/.npm/_logs/2024-10-25T02_23_22_868Z-
10 verbose logfile /home/fullstack-user/.npm/_logs/2024-10-25T02_23_22_868Z-debug-0.log
11 silly packumentCache heap:2107375616 maxSize:526843904 maxEntrySize:263421952
12 silly logfile start cleaning logs, removing 1 files
13 silly logfile done cleaning log files
14 silly idealTree buildDeps
15 silly fetch manifest framer-motion@^11.11.9
16 silly packumentCache full:https://registry.npmjs.org/framer-motion cache-miss
17 http fetch GET 200 https://registry.npmjs.org/framer-motion 250ms (cache revalidated)
18 silly packumentCache full:https://registry.npmjs.org/framer-motion set size:8353374 disposed:false
19 silly fetch manifest @emotion/is-prop-valid@*
20 silly packumentCache full:https://registry.npmjs.org/@emotion%2fis-prop-valid cache-miss
21 http fetch GET 200 https://registry.npmjs.org/@emotion%2fis-prop-valid 73ms (cache revalidated)
22 silly packumentCache full:https://registry.npmjs.org/@emotion%2fis-prop-valid set size:94483 disposed:false
23 silly fetch manifest react@^18.3.1
24 silly packumentCache full:https://registry.npmjs.org/react cache-miss
25 http fetch GET 200 https://registry.npmjs.org/react 312ms (cache updated)
26 silly packumentCache full:https://registry.npmjs.org/react set size:undefined disposed:false
27 silly fetch manifest react-dom@^18.3.1
28 silly packumentCache full:https://registry.npmjs.org/react-dom cache-miss
29 http fetch GET 200 https://registry.npmjs.org/react-dom 152ms (cache updated)
30 silly packumentCache full:https://registry.npmjs.org/react-dom set size:undefined disposed:false
31 silly placeDep ROOT framer-motion@11.11.9 REPLACE for: frontend@0.0.0 want: ^11.11.9
32 silly reify moves {}
33 silly audit bulk request {
33 silly audit   '@alloc/quick-lru': [ '5.2.0' ],
33 silly audit   '@ampproject/remapping': [ '2.3.0' ],
33 silly audit   '@babel/code-frame': [ '7.25.9' ],
33 silly audit   '@babel/compat-data': [ '7.25.9' ],
33 silly audit   '@babel/core': [ '7.25.9' ],
33 silly audit   semver: [ '6.3.1', '5.7.2', '7.6.2' ],
33 silly audit   '@babel/generator': [ '7.25.9' ],
33 silly audit   '@babel/helper-annotate-as-pure': [ '7.25.9' ],
33 silly audit   '@babel/helper-builder-binary-assignment-operator-visitor': [ '7.25.9' ],
33 silly audit   '@babel/helper-compilation-targets': [ '7.25.9' ],
33 silly audit   '@babel/helper-create-class-features-plugin': [ '7.25.9' ],
33 silly audit   '@babel/helper-create-regexp-features-plugin': [ '7.25.9' ],
33 silly audit   '@babel/helper-define-polyfill-provider': [ '0.6.2' ],
33 silly audit   '@babel/helper-member-expression-to-functions': [ '7.25.9' ],
33 silly audit   '@babel/helper-module-imports': [ '7.25.9' ],
33 silly audit   '@babel/helper-module-transforms': [ '7.25.9' ],
33 silly audit   '@babel/helper-optimise-call-expression': [ '7.25.9' ],
33 silly audit   '@babel/helper-plugin-utils': [ '7.25.9' ],
33 silly audit   '@babel/helper-remap-async-to-generator': [ '7.25.9' ],
33 silly audit   '@babel/helper-replace-supers': [ '7.25.9' ],
33 silly audit   '@babel/helper-simple-access': [ '7.25.9' ],
33 silly audit   '@babel/helper-skip-transparent-expression-wrappers': [ '7.25.9' ],
33 silly audit   '@babel/helper-string-parser': [ '7.25.9' ],
33 silly audit   '@babel/helper-validator-identifier': [ '7.25.9' ],
33 silly audit   '@babel/helper-validator-option': [ '7.25.9' ],
33 silly audit   '@babel/helper-wrap-function': [ '7.25.9' ],
33 silly audit   '@babel/helpers': [ '7.25.9' ],
33 silly audit   '@babel/highlight': [ '7.25.9' ],
33 silly audit   '@babel/parser': [ '7.25.9' ],
33 silly audit   '@babel/plugin-bugfix-firefox-class-in-computed-class-key': [ '7.25.9' ],
33 silly audit   '@babel/plugin-bugfix-safari-class-field-initializer-scope': [ '7.25.9' ],
33 silly audit   '@babel/plugin-bugfix-safari-id-destructuring-collision-in-function-expression': [ '7.25.9' ],
33 silly audit   '@babel/plugin-bugfix-v8-spread-parameters-in-optional-chaining': [ '7.25.9' ],
33 silly audit   '@babel/plugin-bugfix-v8-static-class-fields-redefine-readonly': [ '7.25.9' ],
33 silly audit   '@babel/plugin-proposal-class-properties': [ '7.18.6' ],
33 silly audit   '@babel/plugin-proposal-export-default-from': [ '7.25.9' ],
33 silly audit   '@babel/plugin-proposal-nullish-coalescing-operator': [ '7.18.6' ],
33 silly audit   '@babel/plugin-proposal-optional-chaining': [ '7.21.0' ],
33 silly audit   '@babel/plugin-proposal-private-property-in-object': [ '7.21.0-placeholder-for-preset-env.2' ],
33 silly audit   '@babel/plugin-syntax-async-generators': [ '7.8.4' ],
33 silly audit   '@babel/plugin-syntax-bigint': [ '7.8.3' ],
33 silly audit   '@babel/plugin-syntax-class-properties': [ '7.12.13' ],
33 silly audit   '@babel/plugin-syntax-class-static-block': [ '7.14.5' ],
33 silly audit   '@babel/plugin-syntax-dynamic-import': [ '7.8.3' ],
33 silly audit   '@babel/plugin-syntax-export-default-from': [ '7.25.9' ],
33 silly audit   '@babel/plugin-syntax-flow': [ '7.25.9' ],
33 silly audit   '@babel/plugin-syntax-import-assertions': [ '7.25.9' ],
33 silly audit   '@babel/plugin-syntax-import-attributes': [ '7.25.9' ],
33 silly audit   '@babel/plugin-syntax-import-meta': [ '7.10.4' ],
33 silly audit   '@babel/plugin-syntax-json-strings': [ '7.8.3' ],
33 silly audit   '@babel/plugin-syntax-jsx': [ '7.25.9' ],
33 silly audit   '@babel/plugin-syntax-logical-assignment-operators': [ '7.10.4' ],
33 silly audit   '@babel/plugin-syntax-nullish-coalescing-operator': [ '7.8.3' ],
33 silly audit   '@babel/plugin-syntax-numeric-separator': [ '7.10.4' ],
33 silly audit   '@babel/plugin-syntax-object-rest-spread': [ '7.8.3' ],
33 silly audit   '@babel/plugin-syntax-optional-catch-binding': [ '7.8.3' ],
33 silly audit   '@babel/plugin-syntax-optional-chaining': [ '7.8.3' ],
33 silly audit   '@babel/plugin-syntax-private-property-in-object': [ '7.14.5' ],
33 silly audit   '@babel/plugin-syntax-top-level-await': [ '7.14.5' ],
33 silly audit   '@babel/plugin-syntax-typescript': [ '7.25.9' ],
33 silly audit   '@babel/plugin-syntax-unicode-sets-regex': [ '7.18.6' ],
33 silly audit   '@babel/plugin-transform-arrow-functions': [ '7.25.9' ],
33 silly audit   '@babel/plugin-transform-async-generator-functions': [ '7.25.9' ],
33 silly audit   '@babel/plugin-transform-async-to-generator': [ '7.25.9' ],
33 silly audit   '@babel/plugin-transform-block-scoped-functions': [ '7.25.9' ],
33 silly audit   '@babel/plugin-transform-block-scoping': [ '7.25.9' ],
33 silly audit   '@babel/plugin-transform-class-properties': [ '7.25.9' ],
33 silly audit   '@babel/plugin-transform-class-static-block': [ '7.25.9' ],
33 silly audit   '@babel/plugin-transform-classes': [ '7.25.9' ],
33 silly audit   '@babel/plugin-transform-computed-properties': [ '7.25.9' ],
33 silly audit   '@babel/plugin-transform-destructuring': [ '7.25.9' ],
33 silly audit   '@babel/plugin-transform-dotall-regex': [ '7.25.9' ],
33 silly audit   '@babel/plugin-transform-duplicate-keys': [ '7.25.9' ],
33 silly audit   '@babel/plugin-transform-duplicate-named-capturing-groups-regex': [ '7.25.9' ],
33 silly audit   '@babel/plugin-transform-dynamic-import': [ '7.25.9' ],
33 silly audit   '@babel/plugin-transform-exponentiation-operator': [ '7.25.9' ],
33 silly audit   '@babel/plugin-transform-export-namespace-from': [ '7.25.9' ],
33 silly audit   '@babel/plugin-transform-flow-strip-types': [ '7.25.9' ],
33 silly audit   '@babel/plugin-transform-for-of': [ '7.25.9' ],
33 silly audit   '@babel/plugin-transform-function-name': [ '7.25.9' ],
33 silly audit   '@babel/plugin-transform-json-strings': [ '7.25.9' ],
33 silly audit   '@babel/plugin-transform-literals': [ '7.25.9' ],
33 silly audit   '@babel/plugin-transform-logical-assignment-operators': [ '7.25.9' ],
33 silly audit   '@babel/plugin-transform-member-expression-literals': [ '7.25.9' ],
33 silly audit   '@babel/plugin-transform-modules-amd': [ '7.25.9' ],
33 silly audit   '@babel/plugin-transform-modules-commonjs': [ '7.25.9' ],
33 silly audit   '@babel/plugin-transform-modules-systemjs': [ '7.25.9' ],
33 silly audit   '@babel/plugin-transform-modules-umd': [ '7.25.9' ],
33 silly audit   '@babel/plugin-transform-named-capturing-groups-regex': [ '7.25.9' ],
33 silly audit   '@babel/plugin-transform-new-target': [ '7.25.9' ],
33 silly audit   '@babel/plugin-transform-nullish-coalescing-operator': [ '7.25.9' ],
33 silly audit   '@babel/plugin-transform-numeric-separator': [ '7.25.9' ],
33 silly audit   '@babel/plugin-transform-object-rest-spread': [ '7.25.9' ],
33 silly audit   '@babel/plugin-transform-object-super': [ '7.25.9' ],
33 silly audit   '@babel/plugin-transform-optional-catch-binding': [ '7.25.9' ],
33 silly audit   '@babel/plugin-transform-optional-chaining': [ '7.25.9' ],
33 silly audit   '@babel/plugin-transform-parameters': [ '7.25.9' ],
33 silly audit   '@babel/plugin-transform-private-methods': [ '7.25.9' ],
33 silly audit   '@babel/plugin-transform-private-property-in-object': [ '7.25.9' ],
33 silly audit   '@babel/plugin-transform-property-literals': [ '7.25.9' ],
33 silly audit   '@babel/plugin-transform-react-display-name': [ '7.25.9' ],
33 silly audit   '@babel/plugin-transform-react-jsx': [ '7.25.9' ],
33 silly audit   '@babel/plugin-transform-react-jsx-self': [ '7.24.7' ],
33 silly audit   '@babel/plugin-transform-react-jsx-source': [ '7.24.7' ],
33 silly audit   '@babel/plugin-transform-regenerator': [ '7.25.9' ],
33 silly audit   '@babel/plugin-transform-reserved-words': [ '7.25.9' ],
33 silly audit   '@babel/plugin-transform-runtime': [ '7.25.9' ],
33 silly audit   '@babel/plugin-transform-shorthand-properties': [ '7.25.9' ],
33 silly audit   '@babel/plugin-transform-spread': [ '7.25.9' ],
33 silly audit   '@babel/plugin-transform-sticky-regex': [ '7.25.9' ],
33 silly audit   '@babel/plugin-transform-template-literals': [ '7.25.9' ],
33 silly audit   '@babel/plugin-transform-typeof-symbol': [ '7.25.9' ],
33 silly audit   '@babel/plugin-transform-typescript': [ '7.25.9' ],
33 silly audit   '@babel/plugin-transform-unicode-escapes': [ '7.25.9' ],
33 silly audit   '@babel/plugin-transform-unicode-property-regex': [ '7.25.9' ],
33 silly audit   '@babel/plugin-transform-unicode-regex': [ '7.25.9' ],
33 silly audit   '@babel/plugin-transform-unicode-sets-regex': [ '7.25.9' ],
33 silly audit   '@babel/preset-env': [ '7.25.9' ],
33 silly audit   '@babel/preset-flow': [ '7.25.9' ],
33 silly audit   '@babel/preset-modules': [ '0.1.6-no-external-plugins' ],
33 silly audit   '@babel/preset-typescript': [ '7.25.9' ],
33 silly audit   '@babel/register': [ '7.25.9' ],
33 silly audit   '@babel/runtime': [ '7.25.9' ],
33 silly audit   '@babel/template': [ '7.25.9' ],
33 silly audit   '@babel/traverse': [ '7.25.9' ],
33 silly audit   '@babel/types': [ '7.25.9' ],
33 silly audit   '@esbuild/aix-ppc64': [ '0.21.5' ],
33 silly audit   '@esbuild/android-arm': [ '0.21.5' ],
33 silly audit   '@esbuild/android-arm64': [ '0.21.5' ],
33 silly audit   '@esbuild/android-x64': [ '0.21.5' ],
33 silly audit   '@esbuild/darwin-arm64': [ '0.21.5' ],
33 silly audit   '@esbuild/darwin-x64': [ '0.21.5' ],
33 silly audit   '@esbuild/freebsd-arm64': [ '0.21.5' ],
33 silly audit   '@esbuild/freebsd-x64': [ '0.21.5' ],
33 silly audit   '@esbuild/linux-arm': [ '0.21.5' ],
33 silly audit   '@esbuild/linux-arm64': [ '0.21.5' ],
33 silly audit   '@esbuild/linux-ia32': [ '0.21.5' ],
33 silly audit   '@esbuild/linux-loong64': [ '0.21.5' ],
33 silly audit   '@esbuild/linux-mips64el': [ '0.21.5' ],
33 silly audit   '@esbuild/linux-ppc64': [ '0.21.5' ],
33 silly audit   '@esbuild/linux-riscv64': [ '0.21.5' ],
33 silly audit   '@esbuild/linux-s390x': [ '0.21.5' ],
33 silly audit   '@esbuild/linux-x64': [ '0.21.5' ],
33 silly audit   '@esbuild/netbsd-x64': [ '0.21.5' ],
33 silly audit   '@esbuild/openbsd-x64': [ '0.21.5' ],
33 silly audit   '@esbuild/sunos-x64': [ '0.21.5' ],
33 silly audit   '@esbuild/win32-arm64': [ '0.21.5' ],
33 silly audit   '@esbuild/win32-ia32': [ '0.21.5' ],
33 silly audit   '@esbuild/win32-x64': [ '0.21.5' ],
33 silly audit   '@eslint-community/eslint-utils': [ '4.4.0' ],
33 silly audit   '@eslint-community/regexpp': [ '4.10.1' ],
33 silly audit   '@eslint/eslintrc': [ '2.1.4' ],
33 silly audit   'brace-expansion': [ '1.1.11', '2.0.1' ],
33 silly audit   globals: [ '13.24.0', '11.12.0' ],
33 silly audit   minimatch: [ '3.1.2', '9.0.4' ],
33 silly audit   '@eslint/js': [ '8.57.0' ],
33 silly audit   '@floating-ui/core': [ '1.6.8' ],
33 silly audit   '@floating-ui/dom': [ '1.6.11' ],
33 silly audit   '@floating-ui/react-dom': [ '2.1.2' ],
33 silly audit   '@floating-ui/utils': [ '0.2.8' ],
33 silly audit   '@humanwhocodes/config-array': [ '0.11.14' ],
33 silly audit   '@humanwhocodes/module-importer': [ '1.0.1' ],
33 silly audit   '@humanwhocodes/object-schema': [ '2.0.3' ],
33 silly audit   '@isaacs/cliui': [ '8.0.2' ],
33 silly audit   'ansi-regex': [ '6.0.1', '5.0.1' ],
33 silly audit   'strip-ansi': [ '7.1.0', '6.0.1' ],
33 silly audit   '@isaacs/ttlcache': [ '1.4.1' ],
33 silly audit   '@istanbuljs/load-nyc-config': [ '1.1.0' ],
33 silly audit   argparse: [ '1.0.10', '2.0.1' ],
33 silly audit   'find-up': [ '4.1.0', '5.0.0', '3.0.0' ],
33 silly audit   'js-yaml': [ '3.14.1', '4.1.0' ],
33 silly audit   'locate-path': [ '5.0.0', '6.0.0', '3.0.0' ],
33 silly audit   'p-limit': [ '2.3.0', '3.1.0' ],
33 silly audit   'p-locate': [ '4.1.0', '5.0.0', '3.0.0' ],
33 silly audit   'resolve-from': [ '5.0.0', '3.0.0', '4.0.0' ],
33 silly audit   '@istanbuljs/schema': [ '0.1.3' ],
33 silly audit   '@jest/create-cache-key-function': [ '29.7.0' ],
33 silly audit   '@jest/environment': [ '29.7.0' ],
33 silly audit   '@jest/fake-timers': [ '29.7.0' ],
33 silly audit   '@jest/schemas': [ '29.6.3' ],
33 silly audit   '@jest/transform': [ '29.7.0' ],
33 silly audit   'ansi-styles': [ '4.3.0', '3.2.1', '5.2.0', '6.2.1' ],
33 silly audit   chalk: [ '4.1.2', '2.4.2' ],
33 silly audit   'color-convert': [ '2.0.1', '1.9.3' ],
33 silly audit   'color-name': [ '1.1.4', '1.1.3' ],
33 silly audit   'has-flag': [ '4.0.0', '3.0.0' ],
33 silly audit   'supports-color': [ '7.2.0', '8.1.1', '5.5.0' ],
33 silly audit   '@jest/types': [ '29.6.3' ],
33 silly audit   '@jridgewell/gen-mapping': [ '0.3.5' ],
33 silly audit   '@jridgewell/resolve-uri': [ '3.1.2' ],
33 silly audit   '@jridgewell/set-array': [ '1.2.1' ],
33 silly audit   '@jridgewell/source-map': [ '0.3.6' ],
33 silly audit   '@jridgewell/sourcemap-codec': [ '1.4.15' ],
33 silly audit   '@jridgewell/trace-mapping': [ '0.3.25' ],
33 silly audit   '@nodelib/fs.scandir': [ '2.1.5' ],
33 silly audit   '@nodelib/fs.stat': [ '2.0.5' ],
33 silly audit   '@nodelib/fs.walk': [ '1.2.8' ],
33 silly audit   '@pkgjs/parseargs': [ '0.11.0' ],
33 silly audit   '@radix-ui/primitive': [ '1.1.0' ],
33 silly audit   '@radix-ui/react-accordion': [ '1.2.1' ],
33 silly audit   '@radix-ui/react-arrow': [ '1.1.0' ],
33 silly audit   '@radix-ui/react-avatar': [ '1.1.1' ],
33 silly audit   '@radix-ui/react-collapsible': [ '1.1.1' ],
33 silly audit   '@radix-ui/react-collection': [ '1.1.0' ],
33 silly audit   '@radix-ui/react-context': [ '1.1.0', '1.1.1' ],
33 silly audit   '@radix-ui/react-compose-refs': [ '1.1.0' ],
33 silly audit   '@radix-ui/react-dialog': [ '1.1.2' ],
33 silly audit   '@radix-ui/react-direction': [ '1.1.0' ],
33 silly audit   '@radix-ui/react-dismissable-layer': [ '1.1.1' ],
33 silly audit   '@radix-ui/react-dropdown-menu': [ '2.1.2' ],
33 silly audit   '@radix-ui/react-focus-guards': [ '1.1.1' ],
33 silly audit   '@radix-ui/react-focus-scope': [ '1.1.0' ],
33 silly audit   '@radix-ui/react-icons': [ '1.3.0' ],
33 silly audit   '@radix-ui/react-id': [ '1.1.0' ],
33 silly audit   '@radix-ui/react-menu': [ '2.1.2' ],
33 silly audit   '@radix-ui/react-navigation-menu': [ '1.2.1' ],
33 silly audit   '@radix-ui/react-popper': [ '1.2.0' ],
33 silly audit   '@radix-ui/react-portal': [ '1.1.2' ],
33 silly audit   '@radix-ui/react-presence': [ '1.1.1' ],
33 silly audit   '@radix-ui/react-primitive': [ '2.0.0' ],
33 silly audit   '@radix-ui/react-roving-focus': [ '1.1.0' ],
33 silly audit   '@radix-ui/react-slot': [ '1.1.0' ],
33 silly audit   '@radix-ui/react-use-callback-ref': [ '1.1.0' ],
33 silly audit   '@radix-ui/react-use-controllable-state': [ '1.1.0' ],
33 silly audit   '@radix-ui/react-use-escape-keydown': [ '1.1.0' ],
33 silly audit   '@radix-ui/react-use-layout-effect': [ '1.1.0' ],
33 silly audit   '@radix-ui/react-use-previous': [ '1.1.0' ],
33 silly audit   '@radix-ui/react-use-rect': [ '1.1.0' ],
33 silly audit   '@radix-ui/react-use-size': [ '1.1.0' ],
33 silly audit   '@radix-ui/react-visually-hidden': [ '1.1.0' ],
33 silly audit   '@radix-ui/rect': [ '1.1.0' ],
33 silly audit   '@react-native/assets-registry': [ '0.76.0' ],
33 silly audit   '@react-native/babel-plugin-codegen': [ '0.76.0' ],
33 silly audit   '@react-native/babel-preset': [ '0.76.0' ],
33 silly audit   '@react-native/codegen': [ '0.76.0' ],
33 silly audit   '@react-native/community-cli-plugin': [ '0.76.0' ],
33 silly audit   '@react-native/debugger-frontend': [ '0.76.0' ],
33 silly audit   '@react-native/dev-middleware': [ '0.76.0' ],
33 silly audit   debug: [ '2.6.9', '4.3.5' ],
33 silly audit   ms: [ '2.0.0', '2.1.2', '2.1.3' ],
33 silly audit   '@react-native/gradle-plugin': [ '0.76.0' ],
33 silly audit   '@react-native/js-polyfills': [ '0.76.0' ],
33 silly audit   '@react-native/metro-babel-transformer': [ '0.76.0' ],
33 silly audit   '@react-native/normalize-colors': [ '0.76.0' ],
33 silly audit   '@react-native/virtualized-lists': [ '0.76.0' ],
33 silly audit   '@react-spring/animated': [ '9.7.5' ],
33 silly audit   '@react-spring/core': [ '9.7.5' ],
33 silly audit   '@react-spring/konva': [ '9.7.5' ],
33 silly audit   '@react-spring/native': [ '9.7.5' ],
33 silly audit   '@react-spring/rafz': [ '9.7.5' ],
33 silly audit   '@react-spring/shared': [ '9.7.5' ],
33 silly audit   '@react-spring/three': [ '9.7.5' ],
33 silly audit   '@react-spring/types': [ '9.7.5' ],
33 silly audit   '@react-spring/web': [ '9.7.5' ],
33 silly audit   '@react-spring/zdog': [ '9.7.5' ],
33 silly audit   '@react-three/fiber': [ '8.17.10' ],
33 silly audit   scheduler: [ '0.21.0', '0.24.0-canary-efb381bbf-20230505', '0.23.2' ],
33 silly audit   '@remix-run/router': [ '1.19.2' ],
33 silly audit   '@rollup/rollup-android-arm-eabi': [ '4.24.0' ],
33 silly audit   '@rollup/rollup-android-arm64': [ '4.24.0' ],
33 silly audit   '@rollup/rollup-darwin-arm64': [ '4.24.0' ],
33 silly audit   '@rollup/rollup-darwin-x64': [ '4.24.0' ],
33 silly audit   '@rollup/rollup-linux-arm-gnueabihf': [ '4.24.0' ],
33 silly audit   '@rollup/rollup-linux-arm-musleabihf': [ '4.24.0' ],
33 silly audit   '@rollup/rollup-linux-arm64-gnu': [ '4.24.0' ],
33 silly audit   '@rollup/rollup-linux-arm64-musl': [ '4.24.0' ],
33 silly audit   '@rollup/rollup-linux-powerpc64le-gnu': [ '4.24.0' ],
33 silly audit   '@rollup/rollup-linux-riscv64-gnu': [ '4.24.0' ],
33 silly audit   '@rollup/rollup-linux-s390x-gnu': [ '4.24.0' ],
33 silly audit   '@rollup/rollup-linux-x64-gnu': [ '4.24.0' ],
33 silly audit   '@rollup/rollup-linux-x64-musl': [ '4.24.0' ],
33 silly audit   '@rollup/rollup-win32-arm64-msvc': [ '4.24.0' ],
33 silly audit   '@rollup/rollup-win32-ia32-msvc': [ '4.24.0' ],
33 silly audit   '@rollup/rollup-win32-x64-msvc': [ '4.24.0' ],
33 silly audit   '@sinclair/typebox': [ '0.27.8' ],
33 silly audit   '@sinonjs/commons': [ '3.0.1' ],
33 silly audit   '@sinonjs/fake-timers': [ '10.3.0' ],
33 silly audit   '@types/babel__core': [ '7.20.5' ],
33 silly audit   '@types/babel__generator': [ '7.6.8' ],
33 silly audit   '@types/babel__template': [ '7.4.4' ],
33 silly audit   '@types/babel__traverse': [ '7.20.6' ],
33 silly audit   '@types/debounce': [ '1.2.4' ],
33 silly audit   '@types/estree': [ '1.0.6' ],
33 silly audit   '@types/graceful-fs': [ '4.1.9' ],
33 silly audit   '@types/istanbul-lib-coverage': [ '2.0.6' ],
33 silly audit   '@types/istanbul-lib-report': [ '3.0.3' ],
33 silly audit   '@types/istanbul-reports': [ '3.0.4' ],
33 silly audit   '@types/node': [ '20.14.2' ],
33 silly audit   '@types/node-forge': [ '1.3.11' ],
33 silly audit   '@types/prop-types': [ '15.7.12' ],
33 silly audit   '@types/react': [ '18.3.3' ],
33 silly audit   '@types/react-dom': [ '18.3.0' ],
33 silly audit   '@types/react-reconciler': [ '0.26.7', '0.28.8' ],
33 silly audit   '@types/stack-utils': [ '2.0.3' ],
33 silly audit   '@types/webxr': [ '0.5.20' ],
33 silly audit   '@types/yargs': [ '17.0.33' ],
33 silly audit   '@types/yargs-parser': [ '21.0.3' ],
33 silly audit   '@typescript-eslint/eslint-plugin': [ '7.12.0' ],
33 silly audit   '@typescript-eslint/parser': [ '7.12.0' ],
33 silly audit   '@typescript-eslint/scope-manager': [ '7.12.0' ],
33 silly audit   '@typescript-eslint/type-utils': [ '7.12.0' ],
33 silly audit   '@typescript-eslint/types': [ '7.12.0' ],
33 silly audit   '@typescript-eslint/typescript-estree': [ '7.12.0' ],
33 silly audit   '@typescript-eslint/utils': [ '7.12.0' ],
33 silly audit   '@typescript-eslint/visitor-keys': [ '7.12.0' ],
33 silly audit   '@ungap/structured-clone': [ '1.2.0' ],
33 silly audit   '@vitejs/plugin-react': [ '4.3.0' ],
33 silly audit   'abort-controller': [ '3.0.0' ],
33 silly audit   accepts: [ '1.3.8' ],
33 silly audit   acorn: [ '8.11.3' ],
33 silly audit   'acorn-jsx': [ '5.3.2' ],
33 silly audit   ajv: [ '6.12.6' ],
33 silly audit   anser: [ '1.4.10' ],
33 silly audit   'any-promise': [ '1.3.0' ],
33 silly audit   anymatch: [ '3.1.3' ],
33 silly audit   arg: [ '5.0.2' ],
33 silly audit   'aria-hidden': [ '1.2.4' ],
33 silly audit   'array-union': [ '2.1.0' ],
33 silly audit   asap: [ '2.0.6' ],
33 silly audit   'ast-types': [ '0.15.2' ],
33 silly audit   'async-limiter': [ '1.0.1' ],
33 silly audit   autoprefixer: [ '10.4.19' ],
33 silly audit   'babel-core': [ '7.0.0-bridge.0' ],
33 silly audit   'babel-jest': [ '29.7.0' ],
33 silly audit   'babel-plugin-istanbul': [ '6.1.1' ],
33 silly audit   'babel-plugin-jest-hoist': [ '29.6.3' ],
33 silly audit   'babel-plugin-polyfill-corejs2': [ '0.4.11' ],
33 silly audit   'babel-plugin-polyfill-corejs3': [ '0.10.6' ],
33 silly audit   'babel-plugin-polyfill-regenerator': [ '0.6.2' ],
33 silly audit   'babel-plugin-syntax-hermes-parser': [ '0.23.1' ],
33 silly audit   'babel-plugin-transform-flow-enums': [ '0.0.2' ],
33 silly audit   'babel-preset-current-node-syntax': [ '1.1.0' ],
33 silly audit   'babel-preset-jest': [ '29.6.3' ],
33 silly audit   'balanced-match': [ '1.0.2' ],
33 silly audit   'base64-js': [ '1.5.1' ],
33 silly audit   'binary-extensions': [ '2.3.0' ],
33 silly audit   braces: [ '3.0.3' ],
33 silly audit   browserslist: [ '4.24.2' ],
33 silly audit   bser: [ '2.1.1' ],
33 silly audit   buffer: [ '6.0.3' ],
33 silly audit   'buffer-from': [ '1.1.2' ],
33 silly audit   'caller-callsite': [ '2.0.0' ],
33 silly audit   callsites: [ '2.0.0', '3.1.0' ],
33 silly audit   'caller-path': [ '2.0.0' ],
33 silly audit   camelcase: [ '5.3.1', '6.3.0' ],
33 silly audit   'camelcase-css': [ '2.0.1' ],
33 silly audit   'caniuse-lite': [ '1.0.30001669' ],
33 silly audit   chokidar: [ '3.6.0' ],
33 silly audit   'glob-parent': [ '5.1.2', '6.0.2' ],
33 silly audit   'chrome-launcher': [ '0.15.2' ],
33 silly audit   'escape-string-regexp': [ '4.0.0', '1.0.5', '2.0.0' ],
33 silly audit   'chromium-edge-launcher': [ '0.2.0' ],
33 silly audit   mkdirp: [ '1.0.4', '0.5.6' ],
33 silly audit   'ci-info': [ '3.9.0', '2.0.0' ],
33 silly audit   'class-variance-authority': [ '0.7.0' ],
33 silly audit   clsx: [ '2.0.0', '2.1.1' ],
33 silly audit   cliui: [ '8.0.1' ],
33 silly audit   'emoji-regex': [ '8.0.0', '9.2.2' ],
33 silly audit   'string-width': [ '4.2.3', '5.1.2' ],
33 silly audit   'wrap-ansi': [ '7.0.0', '8.1.0' ],
33 silly audit   'clone-deep': [ '4.0.1' ],
33 silly audit   cobe: [ '0.6.3' ],
33 silly audit   commander: [ '4.1.1', '12.1.0', '2.20.3' ],
33 silly audit   commondir: [ '1.0.1' ],
33 silly audit   'concat-map': [ '0.0.1' ],
33 silly audit   connect: [ '3.7.0' ],
33 silly audit   'convert-source-map': [ '2.0.0' ],
33 silly audit   'core-js-compat': [ '3.38.1' ],
33 silly audit   'core-util-is': [ '1.0.3' ],
33 silly audit   cosmiconfig: [ '5.2.1' ],
33 silly audit   'import-fresh': [ '2.0.0', '3.3.0' ],
33 silly audit   'cross-spawn': [ '7.0.3' ],
33 silly audit   cssesc: [ '3.0.0' ],
33 silly audit   csstype: [ '3.1.3' ],
33 silly audit   debounce: [ '1.2.1' ],
33 silly audit   'deep-is': [ '0.1.4' ],
33 silly audit   denodeify: [ '1.2.1' ],
33 silly audit   depd: [ '2.0.0' ],
33 silly audit   destroy: [ '1.2.0' ],
33 silly audit   'detect-node-es': [ '1.1.0' ],
33 silly audit   didyoumean: [ '1.2.2' ],
33 silly audit   'dir-glob': [ '3.0.1' ],
33 silly audit   dlv: [ '1.1.3' ],
33 silly audit   doctrine: [ '3.0.0' ],
33 silly audit   eastasianwidth: [ '0.2.0' ],
33 silly audit   'ee-first': [ '1.1.1' ],
33 silly audit   'electron-to-chromium': [ '1.5.44' ],
33 silly audit   encodeurl: [ '1.0.2', '2.0.0' ],
33 silly audit   'error-ex': [ '1.3.2' ],
33 silly audit   'error-stack-parser': [ '2.1.4' ],
33 silly audit   esbuild: [ '0.21.5' ],
33 silly audit   escalade: [ '3.2.0' ],
33 silly audit   'escape-html': [ '1.0.3' ],
33 silly audit   eslint: [ '8.57.0' ],
33 silly audit   'eslint-plugin-react-hooks': [ '4.6.2' ],
33 silly audit   'eslint-plugin-react-refresh': [ '0.4.7' ],
33 silly audit   'eslint-scope': [ '7.2.2' ],
33 silly audit   'eslint-visitor-keys': [ '3.4.3' ],
33 silly audit   espree: [ '9.6.1' ],
33 silly audit   esprima: [ '4.0.1' ],
33 silly audit   esquery: [ '1.5.0' ],
33 silly audit   esrecurse: [ '4.3.0' ],
33 silly audit   estraverse: [ '5.3.0' ],
33 silly audit   esutils: [ '2.0.3' ],
33 silly audit   etag: [ '1.8.1' ],
33 silly audit   'event-target-shim': [ '5.0.1' ],
33 silly audit   execa: [ '5.1.1' ],
33 silly audit   'signal-exit': [ '3.0.7', '4.1.0' ],
33 silly audit   'exponential-backoff': [ '3.1.1' ],
33 silly audit   'fast-deep-equal': [ '3.1.3' ],
33 silly audit   'fast-glob': [ '3.3.2' ],
33 silly audit   'fast-json-stable-stringify': [ '2.1.0' ],
33 silly audit   'fast-levenshtein': [ '2.0.6' ],
33 silly audit   fastq: [ '1.17.1' ],
33 silly audit   'fb-watchman': [ '2.0.2' ],
33 silly audit   'file-entry-cache': [ '6.0.1' ],
33 silly audit   'fill-range': [ '7.1.1' ],
33 silly audit   finalhandler: [ '1.1.2' ],
33 silly audit   'find-cache-dir': [ '2.1.0' ],
33 silly audit   'flat-cache': [ '3.2.0' ],
33 silly audit   flatted: [ '3.3.1' ],
33 silly audit   'flow-enums-runtime': [ '0.0.6' ],
33 silly audit   'flow-parser': [ '0.250.0' ],
33 silly audit   'foreground-child': [ '3.1.1' ],
33 silly audit   'fraction.js': [ '4.3.7' ],
33 silly audit   fresh: [ '0.5.2' ],
33 silly audit   'fs.realpath': [ '1.0.0' ],
33 silly audit   fsevents: [ '2.3.3' ],
33 silly audit   'function-bind': [ '1.1.2' ],
33 silly audit   gensync: [ '1.0.0-beta.2' ],
33 silly audit   'get-caller-file': [ '2.0.5' ],
33 silly audit   'get-nonce': [ '1.0.1' ],
33 silly audit   'get-package-type': [ '0.1.0' ],
33 silly audit   'get-stream': [ '6.0.1' ],
33 silly audit   glob: [ '7.2.3', '10.4.1' ],
33 silly audit   globby: [ '11.1.0' ],
33 silly audit   'graceful-fs': [ '4.2.11' ],
33 silly audit   graphemer: [ '1.4.0' ],
33 silly audit   hasown: [ '2.0.2' ],
33 silly audit   'hermes-estree': [ '0.23.1', '0.24.0' ],
33 silly audit   'hermes-parser': [ '0.23.1', '0.24.0' ],
33 silly audit   'http-errors': [ '2.0.0' ],
33 silly audit   statuses: [ '2.0.1', '1.5.0' ],
33 silly audit   'human-signals': [ '2.1.0' ],
33 silly audit   ieee754: [ '1.2.1' ],
33 silly audit   ignore: [ '5.3.1' ],
33 silly audit   'image-size': [ '1.1.1' ],
33 silly audit   imurmurhash: [ '0.1.4' ],
33 silly audit   inflight: [ '1.0.6' ],
33 silly audit   inherits: [ '2.0.4' ],
33 silly audit   invariant: [ '2.2.4' ],
33 silly audit   'is-arrayish': [ '0.2.1' ],
33 silly audit   'is-binary-path': [ '2.1.0' ],
33 silly audit   'is-core-module': [ '2.13.1' ],
33 silly audit   'is-directory': [ '0.3.1' ],
33 silly audit   'is-docker': [ '2.2.1' ],
33 silly audit   'is-extglob': [ '2.1.1' ],
33 silly audit   'is-fullwidth-code-point': [ '3.0.0' ],
33 silly audit   'is-glob': [ '4.0.3' ],
33 silly audit   'is-number': [ '7.0.0' ],
33 silly audit   'is-path-inside': [ '3.0.3' ],
33 silly audit   'is-plain-object': [ '2.0.4' ],
33 silly audit   'is-stream': [ '2.0.1' ],
33 silly audit   'is-wsl': [ '2.2.0' ],
33 silly audit   isarray: [ '1.0.0' ],
33 silly audit   isexe: [ '2.0.0' ],
33 silly audit   isobject: [ '3.0.1' ],
33 silly audit   'istanbul-lib-coverage': [ '3.2.2' ],
33 silly audit   'istanbul-lib-instrument': [ '5.2.1' ],
33 silly audit   'its-fine': [ '1.2.5' ],
33 silly audit   jackspeak: [ '3.4.0' ],
33 silly audit   'jest-environment-node': [ '29.7.0' ],
33 silly audit   'jest-get-type': [ '29.6.3' ],
33 silly audit   'jest-haste-map': [ '29.7.0' ],
33 silly audit   'jest-message-util': [ '29.7.0' ],
33 silly audit   'jest-mock': [ '29.7.0' ],
33 silly audit   'jest-regex-util': [ '29.6.3' ],
33 silly audit   'jest-util': [ '29.7.0' ],
33 silly audit   'jest-validate': [ '29.7.0' ],
33 silly audit   'jest-worker': [ '29.7.0' ],
33 silly audit   jiti: [ '1.21.3' ],
33 silly audit   'js-tokens': [ '4.0.0' ],
33 silly audit   'jsc-android': [ '250231.0.0' ],
33 silly audit   'jsc-safe-url': [ '0.2.4' ],
33 silly audit   jscodeshift: [ '0.14.0' ],
33 silly audit   'write-file-atomic': [ '2.4.3', '4.0.2' ],
33 silly audit   jsesc: [ '3.0.2' ],
33 silly audit   'json-buffer': [ '3.0.1' ],
33 silly audit   'json-parse-better-errors': [ '1.0.2' ],
33 silly audit   'json-schema-traverse': [ '0.4.1' ],
33 silly audit   'json-stable-stringify-without-jsonify': [ '1.0.1' ],
33 silly audit   json5: [ '2.2.3' ],
33 silly audit   keyv: [ '4.5.4' ],
33 silly audit   'kind-of': [ '6.0.3' ],
33 silly audit   konva: [ '9.3.16' ],
33 silly audit   leven: [ '3.1.0' ],
33 silly audit   levn: [ '0.4.1' ],
33 silly audit   'lighthouse-logger': [ '1.4.2' ],
33 silly audit   lilconfig: [ '2.1.0', '3.1.1' ],
33 silly audit   'lines-and-columns': [ '1.2.4' ],
33 silly audit   'lodash.debounce': [ '4.0.8' ],
33 silly audit   'lodash.merge': [ '4.6.2' ],
33 silly audit   'lodash.throttle': [ '4.1.1' ],
33 silly audit   'loose-envify': [ '1.4.0' ],
33 silly audit   'lru-cache': [ '5.1.1', '10.2.2' ],
33 silly audit   'lucide-react': [ '0.424.0' ],
33 silly audit   'make-dir': [ '2.1.0' ],
33 silly audit   pify: [ '4.0.1', '2.3.0' ],
33 silly audit   makeerror: [ '1.0.12' ],
33 silly audit   marky: [ '1.2.5' ],
33 silly audit   'memoize-one': [ '5.2.1' ],
33 silly audit   'merge-stream': [ '2.0.0' ],
33 silly audit   merge2: [ '1.4.1' ],
33 silly audit   metro: [ '0.81.0' ],
33 silly audit   'metro-babel-transformer': [ '0.81.0' ],
33 silly audit   'metro-cache': [ '0.81.0' ],
33 silly audit   'metro-cache-key': [ '0.81.0' ],
33 silly audit   'metro-config': [ '0.81.0' ],
33 silly audit   'metro-core': [ '0.81.0' ],
33 silly audit   'metro-file-map': [ '0.81.0' ],
33 silly audit   'metro-minify-terser': [ '0.81.0' ],
33 silly audit   'metro-resolver': [ '0.81.0' ],
33 silly audit   'metro-runtime': [ '0.81.0' ],
33 silly audit   'metro-source-map': [ '0.81.0' ],
33 silly audit   'metro-symbolicate': [ '0.81.0' ],
33 silly audit   'metro-transform-plugins': [ '0.81.0' ],
33 silly audit   'metro-transform-worker': [ '0.81.0' ],
33 silly audit   ws: [ '7.5.10', '6.2.3' ],
33 silly audit   micromatch: [ '4.0.8' ],
33 silly audit   mime: [ '1.6.0' ],
33 silly audit   'mime-db': [ '1.52.0' ],
33 silly audit   'mime-types': [ '2.1.35' ],
33 silly audit   'mimic-fn': [ '2.1.0' ],
33 silly audit   minimist: [ '1.2.8' ],
33 silly audit   minipass: [ '7.1.2' ],
33 silly audit   mz: [ '2.7.0' ],
33 silly audit   nanoid: [ '3.3.7' ],
33 silly audit   'natural-compare': [ '1.4.0' ],
33 silly audit   negotiator: [ '0.6.3' ],
33 silly audit   'neo-async': [ '2.6.2' ],
33 silly audit   'node-abort-controller': [ '3.1.1' ],
33 silly audit   'node-dir': [ '0.1.17' ],
33 silly audit   'node-fetch': [ '2.7.0' ],
33 silly audit   'node-forge': [ '1.3.1' ],
33 silly audit   'node-int64': [ '0.4.0' ],
33 silly audit   'node-releases': [ '2.0.18' ],
33 silly audit   'normalize-path': [ '3.0.0' ],
33 silly audit   'normalize-range': [ '0.1.2' ],
33 silly audit   'npm-run-path': [ '4.0.1' ],
33 silly audit   nullthrows: [ '1.1.1' ],
33 silly audit   ob1: [ '0.81.0' ],
33 silly audit   'object-assign': [ '4.1.1' ],
33 silly audit   'object-hash': [ '3.0.0' ],
33 silly audit   'on-finished': [ '2.3.0', '2.4.1' ],
33 silly audit   once: [ '1.4.0' ],
33 silly audit   onetime: [ '5.1.2' ],
33 silly audit   open: [ '7.4.2' ],
33 silly audit   optionator: [ '0.9.4' ],
33 silly audit   'p-try': [ '2.2.0' ],
33 silly audit   'parent-module': [ '1.0.1' ],
33 silly audit   'parse-json': [ '4.0.0' ],
33 silly audit   parseurl: [ '1.3.3' ],
33 silly audit   'path-exists': [ '4.0.0', '3.0.0' ],
33 silly audit   'path-is-absolute': [ '1.0.1' ],
33 silly audit   'path-key': [ '3.1.1' ],
33 silly audit   'path-parse': [ '1.0.7' ],
33 silly audit   'path-scurry': [ '1.11.1' ],
33 silly audit   'path-type': [ '4.0.0' ],
33 silly audit   phenomenon: [ '1.6.0' ],
33 silly audit   picocolors: [ '1.1.0' ],
33 silly audit   picomatch: [ '2.3.1' ],
33 silly audit   pirates: [ '4.0.6' ],
33 silly audit   'pkg-dir': [ '3.0.0' ],
33 silly audit   postcss: [ '8.4.47' ],
33 silly audit   'postcss-import': [ '15.1.0' ],
33 silly audit   'postcss-js': [ '4.0.1' ],
33 silly audit   'postcss-load-config': [ '4.0.2' ],
33 silly audit   'postcss-nested': [ '6.0.1' ],
33 silly audit   'postcss-selector-parser': [ '6.1.0' ],
33 silly audit   'postcss-value-parser': [ '4.2.0' ],
33 silly audit   'prelude-ls': [ '1.2.1' ],
33 silly audit   'pretty-format': [ '29.7.0' ],
33 silly audit   'process-nextick-args': [ '2.0.1' ],
33 silly audit   promise: [ '8.3.0' ],
33 silly audit   punycode: [ '2.3.1' ],
33 silly audit   queue: [ '6.0.2' ],
33 silly audit   'queue-microtask': [ '1.2.3' ],
33 silly audit   'range-parser': [ '1.2.1' ],
33 silly audit   react: [ '18.3.1' ],
33 silly audit   'react-devtools-core': [ '5.3.2' ],
33 silly audit   'react-dom': [ '18.3.1' ],
33 silly audit   'react-is': [ '18.3.1' ],
33 silly audit   'react-konva': [ '18.2.10' ],
33 silly audit   'react-reconciler': [ '0.29.2', '0.27.0' ],
33 silly audit   'react-native': [ '0.76.0' ],
33 silly audit   'regenerator-runtime': [ '0.13.11', '0.14.1' ],
33 silly audit   'react-refresh': [ '0.14.2' ],
33 silly audit   'react-remove-scroll': [ '2.6.0' ],
33 silly audit   'react-remove-scroll-bar': [ '2.3.6' ],
33 silly audit   'react-router': [ '6.26.2' ],
33 silly audit   'react-router-dom': [ '6.26.2' ],
33 silly audit   'react-spring': [ '9.7.4' ],
33 silly audit   'react-style-singleton': [ '2.2.1' ],
33 silly audit   'react-zdog': [ '1.2.2' ],
33 silly audit   'read-cache': [ '1.0.0' ],
33 silly audit   'readable-stream': [ '2.3.8' ],
33 silly audit   readdirp: [ '3.6.0' ],
33 silly audit   readline: [ '1.3.0' ],
33 silly audit   recast: [ '0.21.5' ],
33 silly audit   'source-map': [ '0.6.1', '0.5.7' ],
33 silly audit   regenerate: [ '1.4.2' ],
33 silly audit   'regenerate-unicode-properties': [ '10.2.0' ],
33 silly audit   'regenerator-transform': [ '0.15.2' ],
33 silly audit   'regexpu-core': [ '6.1.1' ],
33 silly audit   regjsgen: [ '0.8.0' ],
33 silly audit   regjsparser: [ '0.11.1' ],
33 silly audit   'require-directory': [ '2.1.1' ],
33 silly audit   'resize-observer-polyfill': [ '1.5.1' ],
33 silly audit   resolve: [ '1.22.8' ],
33 silly audit   reusify: [ '1.0.4' ],
33 silly audit   rimraf: [ '3.0.2', '2.6.3' ],
33 silly audit   rollup: [ '4.24.0' ],
33 silly audit   'run-parallel': [ '1.2.0' ],
33 silly audit   'safe-buffer': [ '5.1.2' ],
33 silly audit   selfsigned: [ '2.4.1' ],
33 silly audit   send: [ '0.19.0' ],
33 silly audit   'serialize-error': [ '2.1.0' ],
33 silly audit   'serve-static': [ '1.16.2' ],
33 silly audit   setprototypeof: [ '1.2.0' ],
33 silly audit   'shallow-clone': [ '3.0.1' ],
33 silly audit   'shebang-command': [ '2.0.0' ],
33 silly audit   'shebang-regex': [ '3.0.0' ],
33 silly audit   'shell-quote': [ '1.8.1' ],
33 silly audit   slash: [ '3.0.0' ],
33 silly audit   'source-map-js': [ '1.2.1' ],
33 silly audit   'source-map-support': [ '0.5.21' ],
33 silly audit   'sprintf-js': [ '1.0.3' ],
33 silly audit   'stack-utils': [ '2.0.6' ],
33 silly audit   stackframe: [ '1.3.4' ],
33 silly audit   'stacktrace-parser': [ '0.1.10' ],
33 silly audit   'type-fest': [ '0.7.1', '0.20.2' ],
33 silly audit   string_decoder: [ '1.1.1' ],
33 silly audit   'strip-final-newline': [ '2.0.0' ],
33 silly audit   'strip-json-comments': [ '3.1.1' ],
33 silly audit   sucrase: [ '3.35.0' ],
33 silly audit   'supports-preserve-symlinks-flag': [ '1.0.0' ],
33 silly audit   'suspend-react': [ '0.1.3' ],
33 silly audit   'tailwind-merge': [ '2.5.3' ],
33 silly audit   tailwindcss: [ '3.4.4' ],
33 silly audit   'tailwindcss-animate': [ '1.0.7' ],
33 silly audit   temp: [ '0.8.4' ],
33 silly audit   terser: [ '5.36.0' ],
33 silly audit   'test-exclude': [ '6.0.0' ],
33 silly audit   'text-table': [ '0.2.0' ],
33 silly audit   thenify: [ '3.3.1' ],
33 silly audit   'thenify-all': [ '1.6.0' ],
33 silly audit   three: [ '0.169.0' ],
33 silly audit   throat: [ '5.0.0' ],
33 silly audit   through2: [ '2.0.5' ],
33 silly audit   tmpl: [ '1.0.5' ],
33 silly audit   'to-regex-range': [ '5.0.1' ],
33 silly audit   toidentifier: [ '1.0.1' ],
33 silly audit   tr46: [ '0.0.3' ],
33 silly audit   'ts-api-utils': [ '1.3.0' ],
33 silly audit   'ts-interface-checker': [ '0.1.13' ],
33 silly audit   tslib: [ '2.6.3' ],
33 silly audit   'type-check': [ '0.4.0' ],
33 silly audit   'type-detect': [ '4.0.8' ],
33 silly audit   typescript: [ '5.4.5' ],
33 silly audit   'undici-types': [ '5.26.5' ],
33 silly audit   'unicode-canonical-property-names-ecmascript': [ '2.0.1' ],
33 silly audit   'unicode-match-property-ecmascript': [ '2.0.0' ],
33 silly audit   'unicode-match-property-value-ecmascript': [ '2.2.0' ],
33 silly audit   'unicode-property-aliases-ecmascript': [ '2.1.0' ],
33 silly audit   unpipe: [ '1.0.0' ],
33 silly audit   'update-browserslist-db': [ '1.1.1' ],
33 silly audit   'uri-js': [ '4.4.1' ],
33 silly audit   'use-callback-ref': [ '1.3.2' ],
33 silly audit   'use-sidecar': [ '1.1.2' ],
33 silly audit   'util-deprecate': [ '1.0.2' ],
33 silly audit   'utils-merge': [ '1.0.1' ],
33 silly audit   vite: [ '5.4.10' ],
33 silly audit   vlq: [ '1.0.1' ],
33 silly audit   walker: [ '1.0.8' ],
33 silly audit   'webidl-conversions': [ '3.0.1' ],
33 silly audit   'whatwg-fetch': [ '3.6.20' ],
33 silly audit   'whatwg-url': [ '5.0.0' ],
33 silly audit   which: [ '2.0.2' ],
33 silly audit   'word-wrap': [ '1.2.5' ],
33 silly audit   wrappy: [ '1.0.2' ],
33 silly audit   xtend: [ '4.0.2' ],
33 silly audit   y18n: [ '5.0.8' ],
33 silly audit   yallist: [ '3.1.1' ],
33 silly audit   yaml: [ '2.4.3' ],
33 silly audit   yargs: [ '17.7.2' ],
33 silly audit   'yargs-parser': [ '21.1.1' ],
33 silly audit   'yocto-queue': [ '0.1.0' ],
33 silly audit   zdog: [ '1.1.3' ],
33 silly audit   zustand: [ '3.7.2' ],
33 silly audit   'framer-motion': [ '11.11.9' ]
33 silly audit }
34 verbose reify failed optional dependency /home/fullstack-user/frontend/node_modules/fsevents
35 silly reify mark deleted [ '/home/fullstack-user/frontend/node_modules/fsevents' ]
36 verbose reify failed optional dependency /home/fullstack-user/frontend/node_modules/@rollup/rollup-win32-x64-msvc
37 silly reify mark deleted [
37 silly reify   '/home/fullstack-user/frontend/node_modules/@rollup/rollup-win32-x64-msvc'
37 silly reify ]
38 verbose reify failed optional dependency /home/fullstack-user/frontend/node_modules/@rollup/rollup-win32-ia32-msvc
39 silly reify mark deleted [
39 silly reify   '/home/fullstack-user/frontend/node_modules/@rollup/rollup-win32-ia32-msvc'
39 silly reify ]
40 verbose reify failed optional dependency /home/fullstack-user/frontend/node_modules/@rollup/rollup-win32-arm64-msvc
41 silly reify mark deleted [
41 silly reify   '/home/fullstack-user/frontend/node_modules/@rollup/rollup-win32-arm64-msvc'
41 silly reify ]
42 verbose reify failed optional dependency /home/fullstack-user/frontend/node_modules/@rollup/rollup-linux-x64-musl
43 silly reify mark deleted [
43 silly reify   '/home/fullstack-user/frontend/node_modules/@rollup/rollup-linux-x64-musl'
43 silly reify ]
44 verbose reify failed optional dependency /home/fullstack-user/frontend/node_modules/@rollup/rollup-linux-x64-gnu
45 silly reify mark deleted [
45 silly reify   '/home/fullstack-user/frontend/node_modules/@rollup/rollup-linux-x64-gnu'
45 silly reify ]
46 verbose reify failed optional dependency /home/fullstack-user/frontend/node_modules/@rollup/rollup-linux-s390x-gnu
47 silly reify mark deleted [
47 silly reify   '/home/fullstack-user/frontend/node_modules/@rollup/rollup-linux-s390x-gnu'
47 silly reify ]
48 verbose reify failed optional dependency /home/fullstack-user/frontend/node_modules/@rollup/rollup-linux-riscv64-gnu
49 silly reify mark deleted [
49 silly reify   '/home/fullstack-user/frontend/node_modules/@rollup/rollup-linux-riscv64-gnu'
49 silly reify ]
50 verbose reify failed optional dependency /home/fullstack-user/frontend/node_modules/@rollup/rollup-linux-powerpc64le-gnu
51 silly reify mark deleted [
51 silly reify   '/home/fullstack-user/frontend/node_modules/@rollup/rollup-linux-powerpc64le-gnu'
51 silly reify ]
52 verbose reify failed optional dependency /home/fullstack-user/frontend/node_modules/@rollup/rollup-linux-arm-musleabihf
53 silly reify mark deleted [
53 silly reify   '/home/fullstack-user/frontend/node_modules/@rollup/rollup-linux-arm-musleabihf'
53 silly reify ]
54 verbose reify failed optional dependency /home/fullstack-user/frontend/node_modules/@rollup/rollup-linux-arm-gnueabihf
55 silly reify mark deleted [
55 silly reify   '/home/fullstack-user/frontend/node_modules/@rollup/rollup-linux-arm-gnueabihf'
55 silly reify ]
56 verbose reify failed optional dependency /home/fullstack-user/frontend/node_modules/@rollup/rollup-darwin-x64
57 silly reify mark deleted [
57 silly reify   '/home/fullstack-user/frontend/node_modules/@rollup/rollup-darwin-x64'
57 silly reify ]
58 verbose reify failed optional dependency /home/fullstack-user/frontend/node_modules/@rollup/rollup-darwin-arm64
59 silly reify mark deleted [
59 silly reify   '/home/fullstack-user/frontend/node_modules/@rollup/rollup-darwin-arm64'
59 silly reify ]
60 verbose reify failed optional dependency /home/fullstack-user/frontend/node_modules/@rollup/rollup-android-arm64
61 silly reify mark deleted [
61 silly reify   '/home/fullstack-user/frontend/node_modules/@rollup/rollup-android-arm64'
61 silly reify ]
62 verbose reify failed optional dependency /home/fullstack-user/frontend/node_modules/@rollup/rollup-android-arm-eabi
63 silly reify mark deleted [
63 silly reify   '/home/fullstack-user/frontend/node_modules/@rollup/rollup-android-arm-eabi'
63 silly reify ]
64 verbose reify failed optional dependency /home/fullstack-user/frontend/node_modules/@esbuild/win32-x64
65 silly reify mark deleted [ '/home/fullstack-user/frontend/node_modules/@esbuild/win32-x64' ]
66 verbose reify failed optional dependency /home/fullstack-user/frontend/node_modules/@esbuild/win32-ia32
67 silly reify mark deleted [ '/home/fullstack-user/frontend/node_modules/@esbuild/win32-ia32' ]
68 verbose reify failed optional dependency /home/fullstack-user/frontend/node_modules/@esbuild/win32-arm64
69 silly reify mark deleted [ '/home/fullstack-user/frontend/node_modules/@esbuild/win32-arm64' ]
70 verbose reify failed optional dependency /home/fullstack-user/frontend/node_modules/@esbuild/sunos-x64
71 silly reify mark deleted [ '/home/fullstack-user/frontend/node_modules/@esbuild/sunos-x64' ]
72 verbose reify failed optional dependency /home/fullstack-user/frontend/node_modules/@esbuild/openbsd-x64
73 silly reify mark deleted [ '/home/fullstack-user/frontend/node_modules/@esbuild/openbsd-x64' ]
74 verbose reify failed optional dependency /home/fullstack-user/frontend/node_modules/@esbuild/netbsd-x64
75 silly reify mark deleted [ '/home/fullstack-user/frontend/node_modules/@esbuild/netbsd-x64' ]
76 verbose reify failed optional dependency /home/fullstack-user/frontend/node_modules/@esbuild/linux-x64
77 silly reify mark deleted [ '/home/fullstack-user/frontend/node_modules/@esbuild/linux-x64' ]
78 verbose reify failed optional dependency /home/fullstack-user/frontend/node_modules/@esbuild/linux-s390x
79 silly reify mark deleted [ '/home/fullstack-user/frontend/node_modules/@esbuild/linux-s390x' ]
80 verbose reify failed optional dependency /home/fullstack-user/frontend/node_modules/@esbuild/linux-riscv64
81 silly reify mark deleted [ '/home/fullstack-user/frontend/node_modules/@esbuild/linux-riscv64' ]
82 verbose reify failed optional dependency /home/fullstack-user/frontend/node_modules/@esbuild/linux-ppc64
83 silly reify mark deleted [ '/home/fullstack-user/frontend/node_modules/@esbuild/linux-ppc64' ]
84 verbose reify failed optional dependency /home/fullstack-user/frontend/node_modules/@esbuild/linux-mips64el
85 silly reify mark deleted [
85 silly reify   '/home/fullstack-user/frontend/node_modules/@esbuild/linux-mips64el'
85 silly reify ]
86 verbose reify failed optional dependency /home/fullstack-user/frontend/node_modules/@esbuild/linux-loong64
87 silly reify mark deleted [ '/home/fullstack-user/frontend/node_modules/@esbuild/linux-loong64' ]
88 verbose reify failed optional dependency /home/fullstack-user/frontend/node_modules/@esbuild/linux-ia32
89 silly reify mark deleted [ '/home/fullstack-user/frontend/node_modules/@esbuild/linux-ia32' ]
90 verbose reify failed optional dependency /home/fullstack-user/frontend/node_modules/@esbuild/linux-arm
91 silly reify mark deleted [ '/home/fullstack-user/frontend/node_modules/@esbuild/linux-arm' ]
92 verbose reify failed optional dependency /home/fullstack-user/frontend/node_modules/@esbuild/freebsd-x64
93 silly reify mark deleted [ '/home/fullstack-user/frontend/node_modules/@esbuild/freebsd-x64' ]
94 verbose reify failed optional dependency /home/fullstack-user/frontend/node_modules/@esbuild/freebsd-arm64
95 silly reify mark deleted [ '/home/fullstack-user/frontend/node_modules/@esbuild/freebsd-arm64' ]
96 verbose reify failed optional dependency /home/fullstack-user/frontend/node_modules/@esbuild/darwin-x64
97 silly reify mark deleted [ '/home/fullstack-user/frontend/node_modules/@esbuild/darwin-x64' ]
98 verbose reify failed optional dependency /home/fullstack-user/frontend/node_modules/@esbuild/darwin-arm64
99 silly reify mark deleted [ '/home/fullstack-user/frontend/node_modules/@esbuild/darwin-arm64' ]
100 verbose reify failed optional dependency /home/fullstack-user/frontend/node_modules/@esbuild/android-x64
101 silly reify mark deleted [ '/home/fullstack-user/frontend/node_modules/@esbuild/android-x64' ]
102 verbose reify failed optional dependency /home/fullstack-user/frontend/node_modules/@esbuild/android-arm64
103 silly reify mark deleted [ '/home/fullstack-user/frontend/node_modules/@esbuild/android-arm64' ]
104 verbose reify failed optional dependency /home/fullstack-user/frontend/node_modules/@esbuild/android-arm
105 silly reify mark deleted [ '/home/fullstack-user/frontend/node_modules/@esbuild/android-arm' ]
106 verbose reify failed optional dependency /home/fullstack-user/frontend/node_modules/@esbuild/aix-ppc64
107 silly reify mark deleted [ '/home/fullstack-user/frontend/node_modules/@esbuild/aix-ppc64' ]
108 http fetch POST 200 https://registry.npmjs.org/-/npm/v1/security/advisories/bulk 140ms
109 silly audit report {}
110 silly ADD
111 silly ADD
112 silly ADD
113 silly ADD
114 silly ADD
115 silly ADD
116 silly ADD
117 silly ADD
118 silly ADD
119 silly ADD
120 silly ADD
121 silly ADD
122 silly ADD
123 silly ADD
124 silly ADD
125 silly ADD
126 silly ADD
127 silly ADD
128 silly ADD
129 silly ADD
130 silly ADD
131 silly ADD
132 silly ADD
133 silly ADD
134 silly ADD
135 silly ADD
136 silly ADD
137 silly ADD
138 silly ADD
139 silly ADD
140 silly ADD
141 silly ADD
142 silly ADD
143 silly ADD
144 silly ADD
145 silly ADD
146 silly ADD
147 verbose cwd /home/fullstack-user/frontend
148 verbose os Linux 6.6.12-linuxkit
149 verbose node v22.9.0
150 verbose npm  v10.8.3
151 verbose exit 0
152 info ok
