0 verbose cli /usr/bin/node /usr/bin/npm
1 info using npm@10.8.3
2 info using node@v22.9.0
3 silly config load:file:/usr/lib/node_modules/npm/npmrc
4 silly config load:file:/home/fullstack-user/frontend/.npmrc
5 silly config load:file:/home/fullstack-user/.npmrc
6 silly config load:file:/usr/etc/npmrc
7 verbose title npm install cobe
8 verbose argv "install" "cobe"
9 verbose logfile logs-max:10 dir:/home/fullstack-user/.npm/_logs/2024-10-23T22_56_34_070Z-
10 verbose logfile /home/fullstack-user/.npm/_logs/2024-10-23T22_56_34_070Z-debug-0.log
11 silly packumentCache heap:2107375616 maxSize:526843904 maxEntrySize:263421952
12 silly logfile done cleaning log files
13 silly idealTree buildDeps
14 silly fetch manifest cobe@*
15 silly packumentCache full:https://registry.npmjs.org/cobe cache-miss
16 http fetch GET 200 https://registry.npmjs.org/cobe 526ms (cache miss)
17 silly packumentCache full:https://registry.npmjs.org/cobe set size:undefined disposed:false
18 silly placeDep ROOT cobe@0.6.3 OK for: frontend@0.0.0 want: *
19 silly fetch manifest phenomenon@^1.6.0
20 silly packumentCache full:https://registry.npmjs.org/phenomenon cache-miss
21 http fetch GET 200 https://registry.npmjs.org/phenomenon 490ms (cache miss)
22 silly packumentCache full:https://registry.npmjs.org/phenomenon set size:undefined disposed:false
23 silly placeDep ROOT phenomenon@1.6.0 OK for: cobe@0.6.3 want: ^1.6.0
24 silly reify moves {}
25 silly audit bulk request {
25 silly audit   '@alloc/quick-lru': [ '5.2.0' ],
25 silly audit   '@ampproject/remapping': [ '2.3.0' ],
25 silly audit   '@babel/code-frame': [ '7.24.7' ],
25 silly audit   '@babel/compat-data': [ '7.24.7' ],
25 silly audit   '@babel/core': [ '7.24.7' ],
25 silly audit   semver: [ '6.3.1', '7.6.2' ],
25 silly audit   '@babel/generator': [ '7.24.7' ],
25 silly audit   '@babel/helper-compilation-targets': [ '7.24.7' ],
25 silly audit   '@babel/helper-environment-visitor': [ '7.24.7' ],
25 silly audit   '@babel/helper-function-name': [ '7.24.7' ],
25 silly audit   '@babel/helper-hoist-variables': [ '7.24.7' ],
25 silly audit   '@babel/helper-module-imports': [ '7.24.7' ],
25 silly audit   '@babel/helper-module-transforms': [ '7.24.7' ],
25 silly audit   '@babel/helper-plugin-utils': [ '7.24.7' ],
25 silly audit   '@babel/helper-simple-access': [ '7.24.7' ],
25 silly audit   '@babel/helper-split-export-declaration': [ '7.24.7' ],
25 silly audit   '@babel/helper-string-parser': [ '7.24.7' ],
25 silly audit   '@babel/helper-validator-identifier': [ '7.24.7' ],
25 silly audit   '@babel/helper-validator-option': [ '7.24.7' ],
25 silly audit   '@babel/helpers': [ '7.24.7' ],
25 silly audit   '@babel/highlight': [ '7.24.7' ],
25 silly audit   '@babel/parser': [ '7.24.7' ],
25 silly audit   '@babel/plugin-transform-react-jsx-self': [ '7.24.7' ],
25 silly audit   '@babel/plugin-transform-react-jsx-source': [ '7.24.7' ],
25 silly audit   '@babel/template': [ '7.24.7' ],
25 silly audit   '@babel/traverse': [ '7.24.7' ],
25 silly audit   '@babel/types': [ '7.24.7' ],
25 silly audit   '@esbuild/aix-ppc64': [ '0.21.5' ],
25 silly audit   '@esbuild/android-arm': [ '0.21.5' ],
25 silly audit   '@esbuild/android-arm64': [ '0.21.5' ],
25 silly audit   '@esbuild/android-x64': [ '0.21.5' ],
25 silly audit   '@esbuild/darwin-arm64': [ '0.21.5' ],
25 silly audit   '@esbuild/darwin-x64': [ '0.21.5' ],
25 silly audit   '@esbuild/freebsd-arm64': [ '0.21.5' ],
25 silly audit   '@esbuild/freebsd-x64': [ '0.21.5' ],
25 silly audit   '@esbuild/linux-arm': [ '0.21.5' ],
25 silly audit   '@esbuild/linux-arm64': [ '0.21.5' ],
25 silly audit   '@esbuild/linux-ia32': [ '0.21.5' ],
25 silly audit   '@esbuild/linux-loong64': [ '0.21.5' ],
25 silly audit   '@esbuild/linux-mips64el': [ '0.21.5' ],
25 silly audit   '@esbuild/linux-ppc64': [ '0.21.5' ],
25 silly audit   '@esbuild/linux-riscv64': [ '0.21.5' ],
25 silly audit   '@esbuild/linux-s390x': [ '0.21.5' ],
25 silly audit   '@esbuild/linux-x64': [ '0.21.5' ],
25 silly audit   '@esbuild/netbsd-x64': [ '0.21.5' ],
25 silly audit   '@esbuild/openbsd-x64': [ '0.21.5' ],
25 silly audit   '@esbuild/sunos-x64': [ '0.21.5' ],
25 silly audit   '@esbuild/win32-arm64': [ '0.21.5' ],
25 silly audit   '@esbuild/win32-ia32': [ '0.21.5' ],
25 silly audit   '@esbuild/win32-x64': [ '0.21.5' ],
25 silly audit   '@eslint-community/eslint-utils': [ '4.4.0' ],
25 silly audit   '@eslint-community/regexpp': [ '4.10.1' ],
25 silly audit   '@eslint/eslintrc': [ '2.1.4' ],
25 silly audit   'brace-expansion': [ '1.1.11', '2.0.1' ],
25 silly audit   globals: [ '13.24.0', '11.12.0' ],
25 silly audit   minimatch: [ '3.1.2', '9.0.4' ],
25 silly audit   '@eslint/js': [ '8.57.0' ],
25 silly audit   '@floating-ui/core': [ '1.6.8' ],
25 silly audit   '@floating-ui/dom': [ '1.6.11' ],
25 silly audit   '@floating-ui/react-dom': [ '2.1.2' ],
25 silly audit   '@floating-ui/utils': [ '0.2.8' ],
25 silly audit   '@humanwhocodes/config-array': [ '0.11.14' ],
25 silly audit   '@humanwhocodes/module-importer': [ '1.0.1' ],
25 silly audit   '@humanwhocodes/object-schema': [ '2.0.3' ],
25 silly audit   '@isaacs/cliui': [ '8.0.2' ],
25 silly audit   'ansi-regex': [ '6.0.1', '5.0.1' ],
25 silly audit   'strip-ansi': [ '7.1.0', '6.0.1' ],
25 silly audit   '@jridgewell/gen-mapping': [ '0.3.5' ],
25 silly audit   '@jridgewell/resolve-uri': [ '3.1.2' ],
25 silly audit   '@jridgewell/set-array': [ '1.2.1' ],
25 silly audit   '@jridgewell/sourcemap-codec': [ '1.4.15' ],
25 silly audit   '@jridgewell/trace-mapping': [ '0.3.25' ],
25 silly audit   '@nodelib/fs.scandir': [ '2.1.5' ],
25 silly audit   '@nodelib/fs.stat': [ '2.0.5' ],
25 silly audit   '@nodelib/fs.walk': [ '1.2.8' ],
25 silly audit   '@pkgjs/parseargs': [ '0.11.0' ],
25 silly audit   '@radix-ui/primitive': [ '1.1.0' ],
25 silly audit   '@radix-ui/react-accordion': [ '1.2.1' ],
25 silly audit   '@radix-ui/react-arrow': [ '1.1.0' ],
25 silly audit   '@radix-ui/react-avatar': [ '1.1.1' ],
25 silly audit   '@radix-ui/react-collapsible': [ '1.1.1' ],
25 silly audit   '@radix-ui/react-collection': [ '1.1.0' ],
25 silly audit   '@radix-ui/react-context': [ '1.1.0', '1.1.1' ],
25 silly audit   '@radix-ui/react-compose-refs': [ '1.1.0' ],
25 silly audit   '@radix-ui/react-dialog': [ '1.1.2' ],
25 silly audit   '@radix-ui/react-direction': [ '1.1.0' ],
25 silly audit   '@radix-ui/react-dismissable-layer': [ '1.1.1' ],
25 silly audit   '@radix-ui/react-dropdown-menu': [ '2.1.2' ],
25 silly audit   '@radix-ui/react-focus-guards': [ '1.1.1' ],
25 silly audit   '@radix-ui/react-focus-scope': [ '1.1.0' ],
25 silly audit   '@radix-ui/react-icons': [ '1.3.0' ],
25 silly audit   '@radix-ui/react-id': [ '1.1.0' ],
25 silly audit   '@radix-ui/react-menu': [ '2.1.2' ],
25 silly audit   '@radix-ui/react-navigation-menu': [ '1.2.1' ],
25 silly audit   '@radix-ui/react-popper': [ '1.2.0' ],
25 silly audit   '@radix-ui/react-portal': [ '1.1.2' ],
25 silly audit   '@radix-ui/react-presence': [ '1.1.1' ],
25 silly audit   '@radix-ui/react-primitive': [ '2.0.0' ],
25 silly audit   '@radix-ui/react-roving-focus': [ '1.1.0' ],
25 silly audit   '@radix-ui/react-slot': [ '1.1.0' ],
25 silly audit   '@radix-ui/react-use-callback-ref': [ '1.1.0' ],
25 silly audit   '@radix-ui/react-use-controllable-state': [ '1.1.0' ],
25 silly audit   '@radix-ui/react-use-escape-keydown': [ '1.1.0' ],
25 silly audit   '@radix-ui/react-use-layout-effect': [ '1.1.0' ],
25 silly audit   '@radix-ui/react-use-previous': [ '1.1.0' ],
25 silly audit   '@radix-ui/react-use-rect': [ '1.1.0' ],
25 silly audit   '@radix-ui/react-use-size': [ '1.1.0' ],
25 silly audit   '@radix-ui/react-visually-hidden': [ '1.1.0' ],
25 silly audit   '@radix-ui/rect': [ '1.1.0' ],
25 silly audit   '@remix-run/router': [ '1.19.2' ],
25 silly audit   '@rollup/rollup-android-arm-eabi': [ '4.24.0' ],
25 silly audit   '@rollup/rollup-android-arm64': [ '4.24.0' ],
25 silly audit   '@rollup/rollup-darwin-arm64': [ '4.24.0' ],
25 silly audit   '@rollup/rollup-darwin-x64': [ '4.24.0' ],
25 silly audit   '@rollup/rollup-linux-arm-gnueabihf': [ '4.24.0' ],
25 silly audit   '@rollup/rollup-linux-arm-musleabihf': [ '4.24.0' ],
25 silly audit   '@rollup/rollup-linux-arm64-gnu': [ '4.24.0' ],
25 silly audit   '@rollup/rollup-linux-arm64-musl': [ '4.24.0' ],
25 silly audit   '@rollup/rollup-linux-powerpc64le-gnu': [ '4.24.0' ],
25 silly audit   '@rollup/rollup-linux-riscv64-gnu': [ '4.24.0' ],
25 silly audit   '@rollup/rollup-linux-s390x-gnu': [ '4.24.0' ],
25 silly audit   '@rollup/rollup-linux-x64-gnu': [ '4.24.0' ],
25 silly audit   '@rollup/rollup-linux-x64-musl': [ '4.24.0' ],
25 silly audit   '@rollup/rollup-win32-arm64-msvc': [ '4.24.0' ],
25 silly audit   '@rollup/rollup-win32-ia32-msvc': [ '4.24.0' ],
25 silly audit   '@rollup/rollup-win32-x64-msvc': [ '4.24.0' ],
25 silly audit   '@types/babel__core': [ '7.20.5' ],
25 silly audit   '@types/babel__generator': [ '7.6.8' ],
25 silly audit   '@types/babel__template': [ '7.4.4' ],
25 silly audit   '@types/babel__traverse': [ '7.20.6' ],
25 silly audit   '@types/estree': [ '1.0.6' ],
25 silly audit   '@types/node': [ '20.14.2' ],
25 silly audit   '@types/prop-types': [ '15.7.12' ],
25 silly audit   '@types/react': [ '18.3.3' ],
25 silly audit   '@types/react-dom': [ '18.3.0' ],
25 silly audit   '@typescript-eslint/eslint-plugin': [ '7.12.0' ],
25 silly audit   '@typescript-eslint/parser': [ '7.12.0' ],
25 silly audit   '@typescript-eslint/scope-manager': [ '7.12.0' ],
25 silly audit   '@typescript-eslint/type-utils': [ '7.12.0' ],
25 silly audit   '@typescript-eslint/types': [ '7.12.0' ],
25 silly audit   '@typescript-eslint/typescript-estree': [ '7.12.0' ],
25 silly audit   '@typescript-eslint/utils': [ '7.12.0' ],
25 silly audit   '@typescript-eslint/visitor-keys': [ '7.12.0' ],
25 silly audit   '@ungap/structured-clone': [ '1.2.0' ],
25 silly audit   '@vitejs/plugin-react': [ '4.3.0' ],
25 silly audit   acorn: [ '8.11.3' ],
25 silly audit   'acorn-jsx': [ '5.3.2' ],
25 silly audit   ajv: [ '6.12.6' ],
25 silly audit   'ansi-styles': [ '3.2.1', '4.3.0', '6.2.1' ],
25 silly audit   'any-promise': [ '1.3.0' ],
25 silly audit   anymatch: [ '3.1.3' ],
25 silly audit   arg: [ '5.0.2' ],
25 silly audit   argparse: [ '2.0.1' ],
25 silly audit   'aria-hidden': [ '1.2.4' ],
25 silly audit   'array-union': [ '2.1.0' ],
25 silly audit   autoprefixer: [ '10.4.19' ],
25 silly audit   'balanced-match': [ '1.0.2' ],
25 silly audit   'binary-extensions': [ '2.3.0' ],
25 silly audit   braces: [ '3.0.3' ],
25 silly audit   browserslist: [ '4.23.0' ],
25 silly audit   callsites: [ '3.1.0' ],
25 silly audit   'camelcase-css': [ '2.0.1' ],
25 silly audit   'caniuse-lite': [ '1.0.30001629' ],
25 silly audit   chalk: [ '2.4.2', '4.1.2' ],
25 silly audit   chokidar: [ '3.6.0' ],
25 silly audit   'glob-parent': [ '5.1.2', '6.0.2' ],
25 silly audit   'class-variance-authority': [ '0.7.0' ],
25 silly audit   clsx: [ '2.0.0', '2.1.1' ],
25 silly audit   'color-convert': [ '1.9.3', '2.0.1' ],
25 silly audit   'color-name': [ '1.1.3', '1.1.4' ],
25 silly audit   commander: [ '4.1.1' ],
25 silly audit   'concat-map': [ '0.0.1' ],
25 silly audit   'convert-source-map': [ '2.0.0' ],
25 silly audit   'cross-spawn': [ '7.0.3' ],
25 silly audit   cssesc: [ '3.0.0' ],
25 silly audit   csstype: [ '3.1.3' ],
25 silly audit   debug: [ '4.3.5' ],
25 silly audit   'deep-is': [ '0.1.4' ],
25 silly audit   'detect-node-es': [ '1.1.0' ],
25 silly audit   didyoumean: [ '1.2.2' ],
25 silly audit   'dir-glob': [ '3.0.1' ],
25 silly audit   dlv: [ '1.1.3' ],
25 silly audit   doctrine: [ '3.0.0' ],
25 silly audit   eastasianwidth: [ '0.2.0' ],
25 silly audit   'electron-to-chromium': [ '1.4.796' ],
25 silly audit   'emoji-regex': [ '9.2.2', '8.0.0' ],
25 silly audit   esbuild: [ '0.21.5' ],
25 silly audit   escalade: [ '3.1.2' ],
25 silly audit   'escape-string-regexp': [ '1.0.5', '4.0.0' ],
25 silly audit   eslint: [ '8.57.0' ],
25 silly audit   'eslint-plugin-react-hooks': [ '4.6.2' ],
25 silly audit   'eslint-plugin-react-refresh': [ '0.4.7' ],
25 silly audit   'eslint-scope': [ '7.2.2' ],
25 silly audit   'eslint-visitor-keys': [ '3.4.3' ],
25 silly audit   'has-flag': [ '4.0.0', '3.0.0' ],
25 silly audit   'supports-color': [ '7.2.0', '5.5.0' ],
25 silly audit   espree: [ '9.6.1' ],
25 silly audit   esquery: [ '1.5.0' ],
25 silly audit   esrecurse: [ '4.3.0' ],
25 silly audit   estraverse: [ '5.3.0' ],
25 silly audit   esutils: [ '2.0.3' ],
25 silly audit   'fast-deep-equal': [ '3.1.3' ],
25 silly audit   'fast-glob': [ '3.3.2' ],
25 silly audit   'fast-json-stable-stringify': [ '2.1.0' ],
25 silly audit   'fast-levenshtein': [ '2.0.6' ],
25 silly audit   fastq: [ '1.17.1' ],
25 silly audit   'file-entry-cache': [ '6.0.1' ],
25 silly audit   'fill-range': [ '7.1.1' ],
25 silly audit   'find-up': [ '5.0.0' ],
25 silly audit   'flat-cache': [ '3.2.0' ],
25 silly audit   flatted: [ '3.3.1' ],
25 silly audit   'foreground-child': [ '3.1.1' ],
25 silly audit   'fraction.js': [ '4.3.7' ],
25 silly audit   'framer-motion': [ '11.11.9' ],
25 silly audit   'fs.realpath': [ '1.0.0' ],
25 silly audit   fsevents: [ '2.3.3' ],
25 silly audit   'function-bind': [ '1.1.2' ],
25 silly audit   gensync: [ '1.0.0-beta.2' ],
25 silly audit   'get-nonce': [ '1.0.1' ],
25 silly audit   glob: [ '7.2.3', '10.4.1' ],
25 silly audit   globby: [ '11.1.0' ],
25 silly audit   graphemer: [ '1.4.0' ],
25 silly audit   hasown: [ '2.0.2' ],
25 silly audit   ignore: [ '5.3.1' ],
25 silly audit   'import-fresh': [ '3.3.0' ],
25 silly audit   imurmurhash: [ '0.1.4' ],
25 silly audit   inflight: [ '1.0.6' ],
25 silly audit   inherits: [ '2.0.4' ],
25 silly audit   invariant: [ '2.2.4' ],
25 silly audit   'is-binary-path': [ '2.1.0' ],
25 silly audit   'is-core-module': [ '2.13.1' ],
25 silly audit   'is-extglob': [ '2.1.1' ],
25 silly audit   'is-fullwidth-code-point': [ '3.0.0' ],
25 silly audit   'is-glob': [ '4.0.3' ],
25 silly audit   'is-number': [ '7.0.0' ],
25 silly audit   'is-path-inside': [ '3.0.3' ],
25 silly audit   isexe: [ '2.0.0' ],
25 silly audit   jackspeak: [ '3.4.0' ],
25 silly audit   jiti: [ '1.21.3' ],
25 silly audit   'js-tokens': [ '4.0.0' ],
25 silly audit   'js-yaml': [ '4.1.0' ],
25 silly audit   jsesc: [ '2.5.2' ],
25 silly audit   'json-buffer': [ '3.0.1' ],
25 silly audit   'json-schema-traverse': [ '0.4.1' ],
25 silly audit   'json-stable-stringify-without-jsonify': [ '1.0.1' ],
25 silly audit   json5: [ '2.2.3' ],
25 silly audit   keyv: [ '4.5.4' ],
25 silly audit   levn: [ '0.4.1' ],
25 silly audit   lilconfig: [ '2.1.0', '3.1.1' ],
25 silly audit   'lines-and-columns': [ '1.2.4' ],
25 silly audit   'locate-path': [ '6.0.0' ],
25 silly audit   'lodash.merge': [ '4.6.2' ],
25 silly audit   'loose-envify': [ '1.4.0' ],
25 silly audit   'lru-cache': [ '5.1.1', '10.2.2' ],
25 silly audit   'lucide-react': [ '0.424.0' ],
25 silly audit   merge2: [ '1.4.1' ],
25 silly audit   micromatch: [ '4.0.8' ],
25 silly audit   minipass: [ '7.1.2' ],
25 silly audit   ms: [ '2.1.2' ],
25 silly audit   mz: [ '2.7.0' ],
25 silly audit   nanoid: [ '3.3.7' ],
25 silly audit   'natural-compare': [ '1.4.0' ],
25 silly audit   'node-releases': [ '2.0.14' ],
25 silly audit   'normalize-path': [ '3.0.0' ],
25 silly audit   'normalize-range': [ '0.1.2' ],
25 silly audit   'object-assign': [ '4.1.1' ],
25 silly audit   'object-hash': [ '3.0.0' ],
25 silly audit   once: [ '1.4.0' ],
25 silly audit   optionator: [ '0.9.4' ],
25 silly audit   'p-limit': [ '3.1.0' ],
25 silly audit   'p-locate': [ '5.0.0' ],
25 silly audit   'parent-module': [ '1.0.1' ],
25 silly audit   'path-exists': [ '4.0.0' ],
25 silly audit   'path-is-absolute': [ '1.0.1' ],
25 silly audit   'path-key': [ '3.1.1' ],
25 silly audit   'path-parse': [ '1.0.7' ],
25 silly audit   'path-scurry': [ '1.11.1' ],
25 silly audit   'path-type': [ '4.0.0' ],
25 silly audit   picocolors: [ '1.1.0' ],
25 silly audit   picomatch: [ '2.3.1' ],
25 silly audit   pify: [ '2.3.0' ],
25 silly audit   pirates: [ '4.0.6' ],
25 silly audit   postcss: [ '8.4.47' ],
25 silly audit   'postcss-import': [ '15.1.0' ],
25 silly audit   'postcss-js': [ '4.0.1' ],
25 silly audit   'postcss-load-config': [ '4.0.2' ],
25 silly audit   'postcss-nested': [ '6.0.1' ],
25 silly audit   'postcss-selector-parser': [ '6.1.0' ],
25 silly audit   'postcss-value-parser': [ '4.2.0' ],
25 silly audit   'prelude-ls': [ '1.2.1' ],
25 silly audit   punycode: [ '2.3.1' ],
25 silly audit   'queue-microtask': [ '1.2.3' ],
25 silly audit   react: [ '18.3.1' ],
25 silly audit   'react-dom': [ '18.3.1' ],
25 silly audit   'react-refresh': [ '0.14.2' ],
25 silly audit   'react-remove-scroll': [ '2.6.0' ],
25 silly audit   'react-remove-scroll-bar': [ '2.3.6' ],
25 silly audit   'react-router': [ '6.26.2' ],
25 silly audit   'react-router-dom': [ '6.26.2' ],
25 silly audit   'react-style-singleton': [ '2.2.1' ],
25 silly audit   'read-cache': [ '1.0.0' ],
25 silly audit   readdirp: [ '3.6.0' ],
25 silly audit   resolve: [ '1.22.8' ],
25 silly audit   'resolve-from': [ '4.0.0' ],
25 silly audit   reusify: [ '1.0.4' ],
25 silly audit   rimraf: [ '3.0.2' ],
25 silly audit   rollup: [ '4.24.0' ],
25 silly audit   'run-parallel': [ '1.2.0' ],
25 silly audit   scheduler: [ '0.23.2' ],
25 silly audit   'shebang-command': [ '2.0.0' ],
25 silly audit   'shebang-regex': [ '3.0.0' ],
25 silly audit   'signal-exit': [ '4.1.0' ],
25 silly audit   slash: [ '3.0.0' ],
25 silly audit   'source-map-js': [ '1.2.1' ],
25 silly audit   'string-width': [ '5.1.2', '4.2.3' ],
25 silly audit   'strip-json-comments': [ '3.1.1' ],
25 silly audit   sucrase: [ '3.35.0' ],
25 silly audit   'supports-preserve-symlinks-flag': [ '1.0.0' ],
25 silly audit   'tailwind-merge': [ '2.5.3' ],
25 silly audit   tailwindcss: [ '3.4.4' ],
25 silly audit   'tailwindcss-animate': [ '1.0.7' ],
25 silly audit   'text-table': [ '0.2.0' ],
25 silly audit   thenify: [ '3.3.1' ],
25 silly audit   'thenify-all': [ '1.6.0' ],
25 silly audit   'to-fast-properties': [ '2.0.0' ],
25 silly audit   'to-regex-range': [ '5.0.1' ],
25 silly audit   'ts-api-utils': [ '1.3.0' ],
25 silly audit   'ts-interface-checker': [ '0.1.13' ],
25 silly audit   tslib: [ '2.6.3' ],
25 silly audit   'type-check': [ '0.4.0' ],
25 silly audit   'type-fest': [ '0.20.2' ],
25 silly audit   typescript: [ '5.4.5' ],
25 silly audit   'undici-types': [ '5.26.5' ],
25 silly audit   'update-browserslist-db': [ '1.0.16' ],
25 silly audit   'uri-js': [ '4.4.1' ],
25 silly audit   'use-callback-ref': [ '1.3.2' ],
25 silly audit   'use-sidecar': [ '1.1.2' ],
25 silly audit   'util-deprecate': [ '1.0.2' ],
25 silly audit   vite: [ '5.4.9' ],
25 silly audit   which: [ '2.0.2' ],
25 silly audit   'word-wrap': [ '1.2.5' ],
25 silly audit   'wrap-ansi': [ '8.1.0', '7.0.0' ],
25 silly audit   wrappy: [ '1.0.2' ],
25 silly audit   yallist: [ '3.1.1' ],
25 silly audit   yaml: [ '2.4.3' ],
25 silly audit   'yocto-queue': [ '0.1.0' ],
25 silly audit   cobe: [ '0.6.3' ],
25 silly audit   phenomenon: [ '1.6.0' ]
25 silly audit }
26 verbose reify failed optional dependency /home/fullstack-user/frontend/node_modules/fsevents
27 silly reify mark deleted [ '/home/fullstack-user/frontend/node_modules/fsevents' ]
28 verbose reify failed optional dependency /home/fullstack-user/frontend/node_modules/@rollup/rollup-win32-x64-msvc
29 silly reify mark deleted [
29 silly reify   '/home/fullstack-user/frontend/node_modules/@rollup/rollup-win32-x64-msvc'
29 silly reify ]
30 verbose reify failed optional dependency /home/fullstack-user/frontend/node_modules/@rollup/rollup-win32-ia32-msvc
31 silly reify mark deleted [
31 silly reify   '/home/fullstack-user/frontend/node_modules/@rollup/rollup-win32-ia32-msvc'
31 silly reify ]
32 verbose reify failed optional dependency /home/fullstack-user/frontend/node_modules/@rollup/rollup-win32-arm64-msvc
33 silly reify mark deleted [
33 silly reify   '/home/fullstack-user/frontend/node_modules/@rollup/rollup-win32-arm64-msvc'
33 silly reify ]
34 verbose reify failed optional dependency /home/fullstack-user/frontend/node_modules/@rollup/rollup-linux-x64-musl
35 silly reify mark deleted [
35 silly reify   '/home/fullstack-user/frontend/node_modules/@rollup/rollup-linux-x64-musl'
35 silly reify ]
36 verbose reify failed optional dependency /home/fullstack-user/frontend/node_modules/@rollup/rollup-linux-x64-gnu
37 silly reify mark deleted [
37 silly reify   '/home/fullstack-user/frontend/node_modules/@rollup/rollup-linux-x64-gnu'
37 silly reify ]
38 verbose reify failed optional dependency /home/fullstack-user/frontend/node_modules/@rollup/rollup-linux-s390x-gnu
39 silly reify mark deleted [
39 silly reify   '/home/fullstack-user/frontend/node_modules/@rollup/rollup-linux-s390x-gnu'
39 silly reify ]
40 verbose reify failed optional dependency /home/fullstack-user/frontend/node_modules/@rollup/rollup-linux-riscv64-gnu
41 silly reify mark deleted [
41 silly reify   '/home/fullstack-user/frontend/node_modules/@rollup/rollup-linux-riscv64-gnu'
41 silly reify ]
42 verbose reify failed optional dependency /home/fullstack-user/frontend/node_modules/@rollup/rollup-linux-powerpc64le-gnu
43 silly reify mark deleted [
43 silly reify   '/home/fullstack-user/frontend/node_modules/@rollup/rollup-linux-powerpc64le-gnu'
43 silly reify ]
44 verbose reify failed optional dependency /home/fullstack-user/frontend/node_modules/@rollup/rollup-linux-arm-musleabihf
45 silly reify mark deleted [
45 silly reify   '/home/fullstack-user/frontend/node_modules/@rollup/rollup-linux-arm-musleabihf'
45 silly reify ]
46 verbose reify failed optional dependency /home/fullstack-user/frontend/node_modules/@rollup/rollup-linux-arm-gnueabihf
47 silly reify mark deleted [
47 silly reify   '/home/fullstack-user/frontend/node_modules/@rollup/rollup-linux-arm-gnueabihf'
47 silly reify ]
48 verbose reify failed optional dependency /home/fullstack-user/frontend/node_modules/@rollup/rollup-darwin-x64
49 silly reify mark deleted [
49 silly reify   '/home/fullstack-user/frontend/node_modules/@rollup/rollup-darwin-x64'
49 silly reify ]
50 verbose reify failed optional dependency /home/fullstack-user/frontend/node_modules/@rollup/rollup-darwin-arm64
51 silly reify mark deleted [
51 silly reify   '/home/fullstack-user/frontend/node_modules/@rollup/rollup-darwin-arm64'
51 silly reify ]
52 verbose reify failed optional dependency /home/fullstack-user/frontend/node_modules/@rollup/rollup-android-arm64
53 silly reify mark deleted [
53 silly reify   '/home/fullstack-user/frontend/node_modules/@rollup/rollup-android-arm64'
53 silly reify ]
54 verbose reify failed optional dependency /home/fullstack-user/frontend/node_modules/@rollup/rollup-android-arm-eabi
55 silly reify mark deleted [
55 silly reify   '/home/fullstack-user/frontend/node_modules/@rollup/rollup-android-arm-eabi'
55 silly reify ]
56 verbose reify failed optional dependency /home/fullstack-user/frontend/node_modules/@esbuild/win32-x64
57 silly reify mark deleted [ '/home/fullstack-user/frontend/node_modules/@esbuild/win32-x64' ]
58 verbose reify failed optional dependency /home/fullstack-user/frontend/node_modules/@esbuild/win32-ia32
59 silly reify mark deleted [ '/home/fullstack-user/frontend/node_modules/@esbuild/win32-ia32' ]
60 verbose reify failed optional dependency /home/fullstack-user/frontend/node_modules/@esbuild/win32-arm64
61 silly reify mark deleted [ '/home/fullstack-user/frontend/node_modules/@esbuild/win32-arm64' ]
62 verbose reify failed optional dependency /home/fullstack-user/frontend/node_modules/@esbuild/sunos-x64
63 silly reify mark deleted [ '/home/fullstack-user/frontend/node_modules/@esbuild/sunos-x64' ]
64 verbose reify failed optional dependency /home/fullstack-user/frontend/node_modules/@esbuild/openbsd-x64
65 silly reify mark deleted [ '/home/fullstack-user/frontend/node_modules/@esbuild/openbsd-x64' ]
66 verbose reify failed optional dependency /home/fullstack-user/frontend/node_modules/@esbuild/netbsd-x64
67 silly reify mark deleted [ '/home/fullstack-user/frontend/node_modules/@esbuild/netbsd-x64' ]
68 verbose reify failed optional dependency /home/fullstack-user/frontend/node_modules/@esbuild/linux-x64
69 silly reify mark deleted [ '/home/fullstack-user/frontend/node_modules/@esbuild/linux-x64' ]
70 verbose reify failed optional dependency /home/fullstack-user/frontend/node_modules/@esbuild/linux-s390x
71 silly reify mark deleted [ '/home/fullstack-user/frontend/node_modules/@esbuild/linux-s390x' ]
72 verbose reify failed optional dependency /home/fullstack-user/frontend/node_modules/@esbuild/linux-riscv64
73 silly reify mark deleted [ '/home/fullstack-user/frontend/node_modules/@esbuild/linux-riscv64' ]
74 verbose reify failed optional dependency /home/fullstack-user/frontend/node_modules/@esbuild/linux-ppc64
75 silly reify mark deleted [ '/home/fullstack-user/frontend/node_modules/@esbuild/linux-ppc64' ]
76 verbose reify failed optional dependency /home/fullstack-user/frontend/node_modules/@esbuild/linux-mips64el
77 silly reify mark deleted [
77 silly reify   '/home/fullstack-user/frontend/node_modules/@esbuild/linux-mips64el'
77 silly reify ]
78 verbose reify failed optional dependency /home/fullstack-user/frontend/node_modules/@esbuild/linux-loong64
79 silly reify mark deleted [ '/home/fullstack-user/frontend/node_modules/@esbuild/linux-loong64' ]
80 verbose reify failed optional dependency /home/fullstack-user/frontend/node_modules/@esbuild/linux-ia32
81 silly reify mark deleted [ '/home/fullstack-user/frontend/node_modules/@esbuild/linux-ia32' ]
82 verbose reify failed optional dependency /home/fullstack-user/frontend/node_modules/@esbuild/linux-arm
83 silly reify mark deleted [ '/home/fullstack-user/frontend/node_modules/@esbuild/linux-arm' ]
84 verbose reify failed optional dependency /home/fullstack-user/frontend/node_modules/@esbuild/freebsd-x64
85 silly reify mark deleted [ '/home/fullstack-user/frontend/node_modules/@esbuild/freebsd-x64' ]
86 verbose reify failed optional dependency /home/fullstack-user/frontend/node_modules/@esbuild/freebsd-arm64
87 silly reify mark deleted [ '/home/fullstack-user/frontend/node_modules/@esbuild/freebsd-arm64' ]
88 verbose reify failed optional dependency /home/fullstack-user/frontend/node_modules/@esbuild/darwin-x64
89 silly reify mark deleted [ '/home/fullstack-user/frontend/node_modules/@esbuild/darwin-x64' ]
90 verbose reify failed optional dependency /home/fullstack-user/frontend/node_modules/@esbuild/darwin-arm64
91 silly reify mark deleted [ '/home/fullstack-user/frontend/node_modules/@esbuild/darwin-arm64' ]
92 verbose reify failed optional dependency /home/fullstack-user/frontend/node_modules/@esbuild/android-x64
93 silly reify mark deleted [ '/home/fullstack-user/frontend/node_modules/@esbuild/android-x64' ]
94 verbose reify failed optional dependency /home/fullstack-user/frontend/node_modules/@esbuild/android-arm64
95 silly reify mark deleted [ '/home/fullstack-user/frontend/node_modules/@esbuild/android-arm64' ]
96 verbose reify failed optional dependency /home/fullstack-user/frontend/node_modules/@esbuild/android-arm
97 silly reify mark deleted [ '/home/fullstack-user/frontend/node_modules/@esbuild/android-arm' ]
98 verbose reify failed optional dependency /home/fullstack-user/frontend/node_modules/@esbuild/aix-ppc64
99 silly reify mark deleted [ '/home/fullstack-user/frontend/node_modules/@esbuild/aix-ppc64' ]
100 silly tarball no local data for phenomenon@https://registry.npmjs.org/phenomenon/-/phenomenon-1.6.0.tgz. Extracting by manifest.
101 silly tarball no local data for cobe@https://registry.npmjs.org/cobe/-/cobe-0.6.3.tgz. Extracting by manifest.
102 http fetch GET 200 https://registry.npmjs.org/cobe/-/cobe-0.6.3.tgz 100ms (cache miss)
103 http fetch POST 200 https://registry.npmjs.org/-/npm/v1/security/advisories/bulk 120ms
104 silly audit report {}
105 http fetch GET 200 https://registry.npmjs.org/phenomenon/-/phenomenon-1.6.0.tgz 122ms (cache miss)
106 silly ADD node_modules/phenomenon
107 silly ADD node_modules/cobe
108 silly ADD
109 silly ADD
110 silly ADD
111 silly ADD
112 silly ADD
113 silly ADD
114 silly ADD
115 silly ADD
116 silly ADD
117 silly ADD
118 silly ADD
119 silly ADD
120 silly ADD
121 silly ADD
122 silly ADD
123 silly ADD
124 silly ADD
125 silly ADD
126 silly ADD
127 silly ADD
128 silly ADD
129 silly ADD
130 silly ADD
131 silly ADD
132 silly ADD
133 silly ADD
134 silly ADD
135 silly ADD
136 silly ADD
137 silly ADD
138 silly ADD
139 silly ADD
140 silly ADD
141 silly ADD
142 silly ADD
143 silly ADD
144 silly ADD
145 verbose cwd /home/fullstack-user/frontend
146 verbose os Linux 6.6.12-linuxkit
147 verbose node v22.9.0
148 verbose npm  v10.8.3
149 verbose exit 0
150 info ok
